<?xml version="1.0" encoding="UTF-8"?>
<!-- Generated by org.testng.reporters.JUnitReportReporter -->
<testsuite hostname="TYSS-Pavan-Kumar-M" failures="0" tests="1" name="com.TestNG.To_Launch_Benz" time="9.360" errors="0" timestamp="2024-04-05T11:22:01 IST" skipped="0">
  <testcase classname="com.TestNG.To_Launch_Benz" name="launch" time="9.360"/>
  <system-out/>
</testsuite> <!-- com.TestNG.To_Launch_Benz -->
